<?xml version="1.0" encoding="UTF-8"?>
<!-- Generated by org.testng.reporters.JUnitXMLReporter -->
<testsuite ignored="0" hostname="Kavin" failures="1" tests="3" name="Test" time="43.656" errors="0" timestamp="2024-07-25T17:02:17 IST">
  <testcase classname="TestCases.TC_01_Login" name="TC_01_Login" time="4.68">
    <failure type="java.lang.AssertionError" message="expected [true] but found [false]">
      <![CDATA[java.lang.AssertionError: expected [true] but found [false]
at TestCases.TC_01_Login.TC_01_Login(TC_01_Login.java:16)
at java.base/java.util.ArrayList.forEach(ArrayList.java:1596)
... Removed 29 stack frames]]>
    </failure>
  </testcase> <!-- TC_01_Login -->
  <testcase classname="TestCases.TC_01_Login" name="TC_01_Login" time="4.057"/>
  <testcase classname="TestCases.TC_02_AppBook" name="TC_02_AppBook" time="18.853"/>
</testsuite> <!-- Test -->
