<?xml version="1.0" encoding="UTF-8"?>
<testng-results ignored="0" total="1" passed="1" failed="0" skipped="0">
  <reporter-output>
  </reporter-output>
  <suite started-at="2024-07-25T16:55:21 IST" name="Default suite" finished-at="2024-07-25T16:55:48 IST" duration-ms="27428">
    <groups>
    </groups>
    <test started-at="2024-07-25T16:55:21 IST" name="Default test" finished-at="2024-07-25T16:55:48 IST" duration-ms="27428">
      <class name="TestCases.TC_02_AppBook">
        <test-method is-config="true" signature="start()[pri:0, instance:TestCases.TC_02_AppBook@5aa9e4eb]" started-at="2024-07-25T16:55:21 IST" name="start" finished-at="2024-07-25T16:55:26 IST" duration-ms="5076" status="PASS">
          <reporter-output>
          </reporter-output>
        </test-method> <!-- start -->
        <test-method signature="TC_02_AppBook()[pri:0, instance:TestCases.TC_02_AppBook@5aa9e4eb]" started-at="2024-07-25T16:55:26 IST" name="TC_02_AppBook" finished-at="2024-07-25T16:55:48 IST" duration-ms="22124" status="PASS">
          <reporter-output>
          </reporter-output>
        </test-method> <!-- TC_02_AppBook -->
        <test-method is-config="true" signature="close()[pri:0, instance:TestCases.TC_02_AppBook@5aa9e4eb]" started-at="2024-07-25T16:55:48 IST" name="close" finished-at="2024-07-25T16:55:48 IST" duration-ms="180" status="PASS">
          <reporter-output>
          </reporter-output>
        </test-method> <!-- close -->
      </class> <!-- TestCases.TC_02_AppBook -->
    </test> <!-- Default test -->
  </suite> <!-- Default suite -->
</testng-results>
